2023-05-24 15:53:55,755: INFO: ******************Test_002_DDT_login*********************:
2023-05-24 15:53:55,767: INFO: ****************** Verifying login DDT test *****************:
2023-05-24 15:54:12,474: INFO: ******Passed*****:
2023-05-24 15:54:21,532: INFO: ******Passed*****:
2023-05-24 15:54:28,092: INFO: ******Passed*****:
2023-05-24 15:54:35,695: INFO: ******Passed*****:
2023-05-24 15:54:35,696: INFO: ********login DDT test passed*********:
2023-05-24 15:54:36,439: INFO: *********end of login DDt test*************:
2023-05-24 15:54:36,439: INFO: *********Completed TC_LoginDDT_002*************:
2023-05-25 15:47:15,700: INFO: ****************** Test_003_AddCustomer  *****************:
2023-05-25 15:47:23,677: INFO: *****************login successful***********:
2023-05-25 15:47:23,677: INFO: ***********Starting Add Customer Test ******************:
2023-05-25 15:50:30,659: INFO: ****************** Test_003_AddCustomer  *****************:
2023-05-25 15:50:38,856: INFO: *****************login successful***********:
2023-05-25 15:50:38,856: INFO: ***********Starting Add Customer Test ******************:
2023-05-25 15:53:06,661: INFO: ****************** Test_003_AddCustomer  *****************:
2023-05-25 15:53:15,985: INFO: *****************login successful***********:
2023-05-25 15:53:15,985: INFO: ***********Starting Add Customer Test ******************:
2023-05-25 15:56:33,279: INFO: ****************** Test_003_AddCustomer  *****************:
2023-05-25 15:56:41,470: INFO: *****************login successful***********:
2023-05-25 15:56:41,470: INFO: ***********Starting Add Customer Test ******************:
2023-05-25 15:56:45,247: INFO: **********Providing Customer Info*************:
2023-05-25 19:17:13,995: INFO: ****************** Test_003_AddCustomer  *****************:
2023-05-25 19:17:24,885: INFO: *****************login successful***********:
2023-05-25 19:17:24,885: INFO: ***********Starting Add Customer Test ******************:
2023-05-25 19:17:28,406: INFO: **********Providing Customer Info*************:
2023-05-25 19:21:10,208: INFO: ****************** Test_003_AddCustomer  *****************:
2023-05-25 19:21:17,641: INFO: *****************login successful***********:
2023-05-25 19:21:17,641: INFO: ***********Starting Add Customer Test ******************:
2023-05-25 19:21:20,988: INFO: **********Providing Customer Info*************:
2023-05-25 19:23:29,173: INFO: ****************** Test_003_AddCustomer  *****************:
2023-05-25 19:23:36,604: INFO: *****************login successful***********:
2023-05-25 19:23:36,604: INFO: ***********Starting Add Customer Test ******************:
2023-05-25 19:23:40,095: INFO: **********Providing Customer Info*************:
2023-05-25 19:28:46,400: INFO: ****************** Test_003_AddCustomer  *****************:
2023-05-25 19:28:53,356: INFO: *****************login successful***********:
2023-05-25 19:28:53,357: INFO: ***********Starting Add Customer Test ******************:
2023-05-25 19:28:57,368: INFO: **********Providing Customer Info*************:
2023-05-25 19:29:42,007: INFO: ****************** Test_003_AddCustomer  *****************:
2023-05-25 19:29:48,126: INFO: *****************login successful***********:
2023-05-25 19:29:48,126: INFO: ***********Starting Add Customer Test ******************:
2023-05-25 19:29:54,123: INFO: **********Providing Customer Info*************:
2023-05-25 19:43:07,576: INFO: ****************** Test_003_AddCustomer  *****************:
2023-05-25 19:43:16,003: INFO: *****************login successful***********:
2023-05-25 19:43:16,003: INFO: ***********Starting Add Customer Test ******************:
2023-05-25 19:43:20,069: INFO: **********Providing Customer Info*************:
2023-05-25 19:44:53,049: INFO: ****************** Test_003_AddCustomer  *****************:
2023-05-25 19:45:00,592: INFO: *****************login successful***********:
2023-05-25 19:45:00,592: INFO: ***********Starting Add Customer Test ******************:
2023-05-25 19:45:04,096: INFO: **********Providing Customer Info*************:
2023-05-25 20:19:50,712: INFO: ****************** Test_003_AddCustomer  *****************:
2023-05-25 20:19:58,003: INFO: *****************login successful***********:
2023-05-25 20:19:58,003: INFO: ***********Starting Add Customer Test ******************:
2023-05-25 20:20:02,123: INFO: **********Providing Customer Info*************:
2023-05-25 20:32:01,521: INFO: ****************** Test_003_AddCustomer  *****************:
2023-05-25 20:32:12,872: INFO: *****************login successful***********:
2023-05-25 20:32:12,872: INFO: ***********Starting Add Customer Test ******************:
2023-05-25 20:32:17,046: INFO: **********Providing Customer Info*************:
2023-05-25 20:33:23,415: INFO: ****************** Test_003_AddCustomer  *****************:
2023-05-25 20:33:30,439: INFO: *****************login successful***********:
2023-05-25 20:33:30,439: INFO: ***********Starting Add Customer Test ******************:
2023-05-25 20:33:34,275: INFO: **********Providing Customer Info*************:
2023-05-25 20:37:21,060: INFO: ****************** Test_003_AddCustomer  *****************:
2023-05-25 20:37:31,202: INFO: *****************login successful***********:
2023-05-25 20:37:31,202: INFO: ***********Starting Add Customer Test ******************:
2023-05-25 20:37:36,104: INFO: **********Providing Customer Info*************:
2023-05-25 20:40:39,259: INFO: ****************** Test_003_AddCustomer  *****************:
2023-05-25 20:40:53,275: INFO: *****************login successful***********:
2023-05-25 20:40:53,275: INFO: ***********Starting Add Customer Test ******************:
2023-05-25 20:41:01,767: INFO: **********Providing Customer Info*************:
2023-05-25 20:47:52,764: INFO: ****************** Test_003_AddCustomer  *****************:
2023-05-25 20:48:00,513: INFO: *****************login successful***********:
2023-05-25 20:48:00,513: INFO: ***********Starting Add Customer Test ******************:
2023-05-25 20:48:07,149: INFO: **********Providing Customer Info*************:
2023-05-25 20:49:22,287: INFO: ****************** Test_003_AddCustomer  *****************:
2023-05-25 20:49:30,947: INFO: *****************login successful***********:
2023-05-25 20:49:30,955: INFO: ***********Starting Add Customer Test ******************:
2023-05-25 20:49:34,754: INFO: **********Providing Customer Info*************:
2023-05-25 20:54:40,671: INFO: ****************** Test_003_AddCustomer  *****************:
2023-05-25 20:54:54,784: INFO: *****************login successful***********:
2023-05-25 20:54:54,784: INFO: ***********Starting Add Customer Test ******************:
2023-05-25 20:54:59,255: INFO: **********Providing Customer Info*************:
2023-05-25 20:57:08,800: INFO: ****************** Test_003_AddCustomer  *****************:
2023-05-25 20:57:18,738: INFO: *****************login successful***********:
2023-05-25 20:57:18,738: INFO: ***********Starting Add Customer Test ******************:
2023-05-25 20:57:23,012: INFO: **********Providing Customer Info*************:
2023-05-25 20:58:45,542: INFO: ****************** Test_003_AddCustomer  *****************:
2023-05-25 20:58:55,673: INFO: *****************login successful***********:
2023-05-25 20:58:55,673: INFO: ***********Starting Add Customer Test ******************:
2023-05-25 20:58:59,384: INFO: **********Providing Customer Info*************:
2023-05-25 21:00:12,218: INFO: ****************** Test_003_AddCustomer  *****************:
2023-05-25 21:00:22,101: INFO: *****************login successful***********:
2023-05-25 21:00:22,101: INFO: ***********Starting Add Customer Test ******************:
2023-05-25 21:00:26,404: INFO: **********Providing Customer Info*************:
2023-05-25 21:02:10,893: INFO: ****************** Test_003_AddCustomer  *****************:
2023-05-25 21:02:21,244: INFO: *****************login successful***********:
2023-05-25 21:02:21,244: INFO: ***********Starting Add Customer Test ******************:
2023-05-25 21:02:25,032: INFO: **********Providing Customer Info*************:
2023-05-25 21:03:12,309: INFO: ****************** Test_003_AddCustomer  *****************:
2023-05-25 21:03:23,655: INFO: *****************login successful***********:
2023-05-25 21:03:23,655: INFO: ***********Starting Add Customer Test ******************:
2023-05-25 21:03:27,562: INFO: **********Providing Customer Info*************:
2023-05-25 21:06:07,573: INFO: ****************** Test_003_AddCustomer  *****************:
2023-05-25 21:06:18,841: INFO: *****************login successful***********:
2023-05-25 21:06:18,841: INFO: ***********Starting Add Customer Test ******************:
2023-05-25 21:06:22,719: INFO: **********Providing Customer Info*************:
2023-05-25 21:12:46,949: INFO: ****************** Test_003_AddCustomer  *****************:
2023-05-25 21:13:02,073: INFO: *****************login successful***********:
2023-05-25 21:13:02,073: INFO: ***********Starting Add Customer Test ******************:
2023-05-25 21:13:07,653: INFO: **********Providing Customer Info*************:
2023-05-25 21:16:53,828: INFO: ****************** Test_003_AddCustomer  *****************:
2023-05-25 21:17:03,691: INFO: *****************login successful***********:
2023-05-25 21:17:03,691: INFO: ***********Starting Add Customer Test ******************:
2023-05-25 21:17:09,220: INFO: **********Providing Customer Info*************:
2023-05-25 21:20:36,524: INFO: ****************** Test_003_AddCustomer  *****************:
2023-05-25 21:20:55,613: INFO: *****************login successful***********:
2023-05-25 21:20:55,613: INFO: ***********Starting Add Customer Test ******************:
2023-05-25 21:21:12,164: INFO: **********Providing Customer Info*************:
2023-05-25 21:25:36,955: INFO: ****************** Test_003_AddCustomer  *****************:
2023-05-25 21:26:02,182: INFO: *****************login successful***********:
2023-05-25 21:26:02,182: INFO: ***********Starting Add Customer Test ******************:
2023-05-25 21:26:06,672: INFO: **********Providing Customer Info*************:
2023-05-26 11:20:33,878: INFO: ****************** Test_003_AddCustomer  *****************:
2023-05-26 11:20:43,627: INFO: *****************login successful***********:
2023-05-26 11:20:43,627: INFO: ***********Starting Add Customer Test ******************:
2023-05-26 11:20:47,019: INFO: **********Providing Customer Info*************:
2023-05-26 11:28:34,511: INFO: ****************** Test_003_AddCustomer  *****************:
2023-05-26 11:28:43,577: INFO: *****************login successful***********:
2023-05-26 11:28:43,578: INFO: ***********Starting Add Customer Test ******************:
2023-05-26 11:28:49,109: INFO: **********Providing Customer Info*************:
2023-05-26 11:31:55,704: INFO: ****************** Test_003_AddCustomer  *****************:
2023-05-26 11:32:04,130: INFO: *****************login successful***********:
2023-05-26 11:32:04,130: INFO: ***********Starting Add Customer Test ******************:
2023-05-26 11:32:08,156: INFO: **********Providing Customer Info*************:
2023-05-26 11:39:20,396: INFO: ****************** Test_003_AddCustomer  *****************:
2023-05-26 11:39:31,990: INFO: *****************login successful***********:
2023-05-26 11:39:31,990: INFO: ***********Starting Add Customer Test ******************:
2023-05-26 11:39:38,038: INFO: **********Providing Customer Info*************:
2023-05-26 11:41:39,376: INFO: ****************** Test_003_AddCustomer  *****************:
2023-05-26 11:41:47,201: INFO: *****************login successful***********:
2023-05-26 11:41:47,201: INFO: ***********Starting Add Customer Test ******************:
2023-05-26 11:41:51,253: INFO: **********Providing Customer Info*************:
2023-05-26 11:47:51,189: INFO: ****************** Test_003_AddCustomer  *****************:
2023-05-26 11:47:58,893: INFO: *****************login successful***********:
2023-05-26 11:47:58,893: INFO: ***********Starting Add Customer Test ******************:
2023-05-26 11:48:02,697: INFO: **********Providing Customer Info*************:
